Command line:
   add4_isim_beh.exe
     -simmode  gui
     -simrunnum  0
     -socket  59151

Wed Sep 13 11:35:47 2017


 Elaboration Time: 0 sec

 Current Memory Usage: 157.798 Meg

 Total Signals          : 3
 Total Nets             : 13
 Total Signal Drivers   : 1
 Total Blocks           : 4
 Total Primitive Blocks : 4
 Total Processes        : 1
 Total Traceable Variables  : 10
 Total Scalar Nets and Variables : 391
Total Line Count : 1

 Total Simulation Time: 0.03 sec

 Current Memory Usage: 232.247 Meg

Wed Sep 13 11:39:31 2017

