Release 12.4 - xst M.81d (lin64)
Copyright (c) 1995-2010 Xilinx, Inc.  All rights reserved.
--> 
Parameter TMPDIR set to xst/projnav.tmp


Total REAL time to Xst completion: 0.00 secs
Total CPU time to Xst completion: 0.03 secs
 
--> 
Parameter xsthdpdir set to xst


Total REAL time to Xst completion: 0.00 secs
Total CPU time to Xst completion: 0.03 secs
 
--> 
Reading design: code.prj

TABLE OF CONTENTS
  1) Synthesis Options Summary
  2) HDL Parsing
  3) HDL Elaboration
  4) HDL Synthesis
       4.1) HDL Synthesis Report
  5) Advanced HDL Synthesis
       5.1) Advanced HDL Synthesis Report
  6) Low Level Synthesis
  7) Partition Report
  8) Design Summary
       8.1) Primitive and Black Box Usage
       8.2) Device utilization summary
       8.3) Partition Resource Summary
       8.4) Timing Report
            8.4.1) Clock Information
            8.4.2) Asynchronous Control Signals Information
            8.4.3) Timing Summary
            8.4.4) Timing Details
            8.4.5) Cross Clock Domains Report


=========================================================================
*                      Synthesis Options Summary                        *
=========================================================================
---- Source Parameters
Input File Name                    : "code.prj"
Input Format                       : mixed
Ignore Synthesis Constraint File   : NO

---- Target Parameters
Output File Name                   : "code"
Output Format                      : NGC
Target Device                      : xc6slx16-3-csg324

---- Source Options
Top Module Name                    : code
Automatic FSM Extraction           : YES
FSM Encoding Algorithm             : Auto
Safe Implementation                : No
FSM Style                          : LUT
RAM Extraction                     : Yes
RAM Style                          : Auto
ROM Extraction                     : Yes
Shift Register Extraction          : YES
ROM Style                          : Auto
Resource Sharing                   : YES
Asynchronous To Synchronous        : NO
Shift Register Minimum Size        : 2
Use DSP Block                      : Auto
Automatic Register Balancing       : No

---- Target Options
LUT Combining                      : Auto
Reduce Control Sets                : Auto
Add IO Buffers                     : YES
Global Maximum Fanout              : 100000
Add Generic Clock Buffer(BUFG)     : 16
Register Duplication               : YES
Optimize Instantiated Primitives   : NO
Use Clock Enable                   : Auto
Use Synchronous Set                : Auto
Use Synchronous Reset              : Auto
Pack IO Registers into IOBs        : Auto
Equivalent register Removal        : YES

---- General Options
Optimization Goal                  : Speed
Optimization Effort                : 1
Power Reduction                    : NO
Keep Hierarchy                     : No
Netlist Hierarchy                  : As_Optimized
RTL Output                         : Yes
Global Optimization                : AllClockNets
Read Cores                         : YES
Write Timing Constraints           : NO
Cross Clock Analysis               : NO
Hierarchy Separator                : /
Bus Delimiter                      : <>
Case Specifier                     : Maintain
Slice Utilization Ratio            : 100
BRAM Utilization Ratio             : 100
DSP48 Utilization Ratio            : 100
Auto BRAM Packing                  : NO
Slice Utilization Ratio Delta      : 5

=========================================================================


=========================================================================
*                          HDL Parsing                                  *
=========================================================================
Parsing VHDL file "/home/l3/alder/Documents/AEO/TP5/clk_div.vhd" into library work
Parsing entity <clkdiv>.
Parsing architecture <clkdiv> of entity <clkdiv>.
Parsing VHDL file "/home/l3/alder/Documents/AEO/TP5/btn_pulse.vhd" into library work
Parsing entity <btn_pulse>.
Parsing architecture <Behavioral> of entity <btn_pulse>.
Parsing VHDL file "/home/l3/alder/Documents/AEO/TP5/code.vhd" into library work
Parsing entity <code>.
Parsing architecture <Behavioral> of entity <code>.

=========================================================================
*                            HDL Elaboration                            *
=========================================================================

Elaborating entity <code> (architecture <Behavioral>) from library <work>.

Elaborating entity <clkdiv> (architecture <clkdiv>) from library <work>.

Elaborating entity <btn_pulse> (architecture <Behavioral>) from library <work>.
WARNING:HDLCompiler:92 - "/home/l3/alder/Documents/AEO/TP5/code.vhd" Line 165: val_btn should be on the sensitivity list of the process
WARNING:HDLCompiler:92 - "/home/l3/alder/Documents/AEO/TP5/code.vhd" Line 171: val_btn should be on the sensitivity list of the process
WARNING:HDLCompiler:92 - "/home/l3/alder/Documents/AEO/TP5/code.vhd" Line 177: val_btn should be on the sensitivity list of the process
WARNING:HDLCompiler:92 - "/home/l3/alder/Documents/AEO/TP5/code.vhd" Line 183: val_btn should be on the sensitivity list of the process

=========================================================================
*                           HDL Synthesis                               *
=========================================================================

Synthesizing Unit <code>.
    Related source file is "/home/l3/alder/Documents/AEO/TP5/code.vhd".
WARNING:Xst:647 - Input <switches<7:0>> is never used. This port will be preserved and left unconnected if it belongs to a top-level block or it belongs to a sub-block and the hierarchy of this sub-block is preserved.
INFO:Xst:3010 - "/home/l3/alder/Documents/AEO/TP5/code.vhd" line 75: Output port <clk190> of the instance <Inst_clkdiv> is unconnected or connected to loadless signal.
    Found 3-bit register for signal <state>.
    Found finite state machine <FSM_0> for signal <state>.
    -----------------------------------------------------------------------
    | States             | 5                                              |
    | Transitions        | 15                                             |
    | Inputs             | 5                                              |
    | Outputs            | 7                                              |
    | Clock              | clk (rising_edge)                              |
    | Reset              | btn<4> (positive)                              |
    | Reset type         | synchronous                                    |
    | Reset State        | s1                                             |
    | Power Up State     | s1                                             |
    | Encoding           | auto                                           |
    | Implementation     | LUT                                            |
    -----------------------------------------------------------------------
    Found 16x3-bit Read Only RAM for signal <_n0074>
WARNING:Xst:737 - Found 1-bit latch for signal <val_btn<0>>. Latches may be generated from incomplete case or if statements. We do not recommend the use of latches in FPGA/CPLD designs, as they may lead to timing problems.
WARNING:Xst:737 - Found 1-bit latch for signal <val_btn<1>>. Latches may be generated from incomplete case or if statements. We do not recommend the use of latches in FPGA/CPLD designs, as they may lead to timing problems.
    Summary:
	inferred   1 RAM(s).
	inferred   2 Latch(s).
	inferred   5 Multiplexer(s).
	inferred   1 Finite State Machine(s).
Unit <code> synthesized.

Synthesizing Unit <clkdiv>.
    Related source file is "/home/l3/alder/Documents/AEO/TP5/clk_div.vhd".
    Found 24-bit register for signal <q>.
    Found 1-bit register for signal <E190>.
    Found 24-bit adder for signal <q[23]_GND_6_o_add_0_OUT> created at line 40.
    Summary:
	inferred   1 Adder/Subtractor(s).
	inferred  25 D-type flip-flop(s).
Unit <clkdiv> synthesized.

Synthesizing Unit <btn_pulse>.
    Related source file is "/home/l3/alder/Documents/AEO/TP5/btn_pulse.vhd".
    Found 1-bit register for signal <q1>.
    Found 1-bit register for signal <q0>.
    Found 1-bit register for signal <q5>.
    Found 1-bit register for signal <q4>.
    Found 1-bit register for signal <q3>.
    Found 1-bit register for signal <q2>.
    Summary:
	inferred   6 D-type flip-flop(s).
Unit <btn_pulse> synthesized.
RTL-Simplification CPUSTAT: 0.01 
RTL-BasicInf CPUSTAT: 0.09 
RTL-BasicOpt CPUSTAT: 0.00 
RTL-Remain-Bus CPUSTAT: 0.00 

=========================================================================
HDL Synthesis Report

Macro Statistics
# RAMs                                                 : 1
 16x3-bit single-port Read Only RAM                    : 1
# Adders/Subtractors                                   : 1
 24-bit adder                                          : 1
# Registers                                            : 26
 1-bit register                                        : 25
 24-bit register                                       : 1
# Latches                                              : 2
 1-bit latch                                           : 2
# Multiplexers                                         : 5
 1-bit 2-to-1 multiplexer                              : 5
# FSMs                                                 : 1

=========================================================================

=========================================================================
*                       Advanced HDL Synthesis                          *
=========================================================================


Synthesizing (advanced) Unit <clkdiv>.
The following registers are absorbed into counter <q>: 1 register on signal <q>.
Unit <clkdiv> synthesized (advanced).

Synthesizing (advanced) Unit <code>.
INFO:Xst:3031 - HDL ADVISOR - The RAM <Mram__n0074> will be implemented on LUTs either because you have described an asynchronous read or because of currently unsupported block RAM features. If you have described an asynchronous read, making it synchronous would allow you to take advantage of available block RAM resources, for optimized device usage and improved timings. Please refer to your documentation for coding guidelines.
    -----------------------------------------------------------------------
    | ram_type           | Distributed                         |          |
    -----------------------------------------------------------------------
    | Port A                                                              |
    |     aspect ratio   | 16-word x 3-bit                     |          |
    |     weA            | connected to signal <GND>           | high     |
    |     addrA          | connected to signal <btn_out>       |          |
    |     diA            | connected to signal <GND>           |          |
    |     doA            | connected to internal node          |          |
    -----------------------------------------------------------------------
Unit <code> synthesized (advanced).

=========================================================================
Advanced HDL Synthesis Report

Macro Statistics
# RAMs                                                 : 1
 16x3-bit single-port distributed Read Only RAM        : 1
# Adders/Subtractors                                   : 1
 24-bit adder                                          : 1
# Counters                                             : 1
 24-bit up counter                                     : 1
# Registers                                            : 25
 Flip-Flops                                            : 25
# Multiplexers                                         : 5
 1-bit 2-to-1 multiplexer                              : 5
# FSMs                                                 : 1

=========================================================================

=========================================================================
*                         Low Level Synthesis                           *
=========================================================================
Analyzing FSM <MFsm> for best encoding.
Optimizing FSM <FSM_0> on signal <state[1:3]> with user encoding.
-------------------
 State | Encoding
-------------------
 s1    | 000
 s2    | 001
 s3    | 010
 s4    | 011
 succ  | 100
-------------------
WARNING:Xst:2677 - Node <Inst_clkdiv/q_19> of sequential type is unconnected in block <code>.
WARNING:Xst:2677 - Node <Inst_clkdiv/q_20> of sequential type is unconnected in block <code>.
WARNING:Xst:2677 - Node <Inst_clkdiv/q_21> of sequential type is unconnected in block <code>.
WARNING:Xst:2677 - Node <Inst_clkdiv/q_22> of sequential type is unconnected in block <code>.
WARNING:Xst:2677 - Node <Inst_clkdiv/q_23> of sequential type is unconnected in block <code>.

Optimizing unit <code> ...

Optimizing unit <btn_pulse> ...

Mapping all equations...
Building and optimizing final netlist ...
Found area constraint ratio of 100 (+ 5) on block code, actual ratio is 0.
Latch val_btn_1 has been replicated 1 time(s) to handle iob=true attribute.
Latch val_btn_0 has been replicated 1 time(s) to handle iob=true attribute.

Final Macro Processing ...

=========================================================================
Final Register Report

Macro Statistics
# Registers                                            : 47
 Flip-Flops                                            : 47

=========================================================================

=========================================================================
*                           Partition Report                            *
=========================================================================

Partition Implementation Status
-------------------------------

  No Partitions were found in this design.

-------------------------------

=========================================================================
*                            Design Summary                             *
=========================================================================

Top Level Output File Name         : code.ngc

Primitive and Black Box Usage:
------------------------------
# BELS                             : 120
#      GND                         : 1
#      INV                         : 3
#      LUT1                        : 36
#      LUT2                        : 4
#      LUT3                        : 10
#      LUT4                        : 2
#      LUT5                        : 1
#      LUT6                        : 6
#      MUXCY                       : 36
#      VCC                         : 1
#      XORCY                       : 20
# FlipFlops/Latches                : 51
#      FD                          : 12
#      FDC                         : 19
#      FDE                         : 13
#      FDR                         : 3
#      LD                          : 4
# Clock Buffers                    : 1
#      BUFGP                       : 1
# IO Buffers                       : 13
#      IBUF                        : 5
#      OBUF                        : 8

Device utilization summary:
---------------------------

Selected Device : 6slx16csg324-3 


Slice Logic Utilization: 
 Number of Slice Registers:              49  out of  18224     0%  
 Number of Slice LUTs:                   62  out of   9112     0%  
    Number used as Logic:                62  out of   9112     0%  

Slice Logic Distribution: 
 Number of LUT Flip Flop pairs used:     79
   Number with an unused Flip Flop:      30  out of     79    37%  
   Number with an unused LUT:            17  out of     79    21%  
   Number of fully used LUT-FF pairs:    32  out of     79    40%  
   Number of unique control sets:         6

IO Utilization: 
 Number of IOs:                          22
 Number of bonded IOBs:                  14  out of    232     6%  
    IOB Flip Flops/Latches:               2

Specific Feature Utilization:
 Number of BUFG/BUFGCTRLs:                1  out of     16     6%  

---------------------------
Partition Resource Summary:
---------------------------

  No Partitions were found in this design.

---------------------------


=========================================================================
Timing Report

NOTE: THESE TIMING NUMBERS ARE ONLY A SYNTHESIS ESTIMATE.
      FOR ACCURATE TIMING INFORMATION PLEASE REFER TO THE TRACE REPORT
      GENERATED AFTER PLACE-and-ROUTE.

Clock Information:
------------------
-----------------------------------+------------------------+-------+
Clock Signal                       | Clock buffer(FF name)  | Load  |
-----------------------------------+------------------------+-------+
Mram__n00742(Mram__n007421:O)      | NONE(*)(val_btn_1)     | 4     |
clk                                | BUFGP                  | 47    |
-----------------------------------+------------------------+-------+
(*) This 1 clock signal(s) are generated by combinatorial logic,
and XST is not able to identify which are the primary clock signals.
Please use the CLOCK_SIGNAL constraint to specify the clock signal(s) generated by combinatorial logic.
INFO:Xst:2169 - HDL ADVISOR - Some clock signals were not automatically buffered by XST with BUFG/BUFR resources. Please use the buffer_type constraint in order to insert these buffers to the clock signals to help prevent skew problems.

Asynchronous Control Signals Information:
----------------------------------------
No asynchronous control signals found in this design

Timing Summary:
---------------
Speed Grade: -3

   Minimum period: 2.831ns (Maximum Frequency: 353.219MHz)
   Minimum input arrival time before clock: 3.482ns
   Maximum output required time after clock: 5.923ns
   Maximum combinational path delay: No path found

Timing Details:
---------------
All values displayed in nanoseconds (ns)

=========================================================================
Timing constraint: Default period analysis for Clock 'clk'
  Clock period: 2.831ns (frequency: 353.219MHz)
  Total number of paths / destination ports: 296 / 55
-------------------------------------------------------------------------
Delay:               2.831ns (Levels of Logic = 21)
  Source:            Inst_clkdiv/q_0 (FF)
  Destination:       Inst_clkdiv/E190 (FF)
  Source Clock:      clk rising
  Destination Clock: clk rising

  Data Path: Inst_clkdiv/q_0 to Inst_clkdiv/E190
                                Gate     Net
    Cell:in->out      fanout   Delay   Delay  Logical Name (Net Name)
    ----------------------------------------  ------------
     FDC:C->Q              2   0.447   0.616  Inst_clkdiv/q_0 (Inst_clkdiv/q_0)
     INV:I->O              1   0.206   0.000  Inst_clkdiv/Madd_q[23]_GND_6_o_add_0_OUT_lut<0>_INV_0 (Inst_clkdiv/Madd_q[23]_GND_6_o_add_0_OUT_lut<0>)
     MUXCY:S->O            1   0.172   0.000  Inst_clkdiv/Madd_q[23]_GND_6_o_add_0_OUT_cy<0> (Inst_clkdiv/Madd_q[23]_GND_6_o_add_0_OUT_cy<0>)
     MUXCY:CI->O           1   0.019   0.000  Inst_clkdiv/Madd_q[23]_GND_6_o_add_0_OUT_cy<1> (Inst_clkdiv/Madd_q[23]_GND_6_o_add_0_OUT_cy<1>)
     MUXCY:CI->O           1   0.019   0.000  Inst_clkdiv/Madd_q[23]_GND_6_o_add_0_OUT_cy<2> (Inst_clkdiv/Madd_q[23]_GND_6_o_add_0_OUT_cy<2>)
     MUXCY:CI->O           1   0.019   0.000  Inst_clkdiv/Madd_q[23]_GND_6_o_add_0_OUT_cy<3> (Inst_clkdiv/Madd_q[23]_GND_6_o_add_0_OUT_cy<3>)
     MUXCY:CI->O           1   0.019   0.000  Inst_clkdiv/Madd_q[23]_GND_6_o_add_0_OUT_cy<4> (Inst_clkdiv/Madd_q[23]_GND_6_o_add_0_OUT_cy<4>)
     MUXCY:CI->O           1   0.019   0.000  Inst_clkdiv/Madd_q[23]_GND_6_o_add_0_OUT_cy<5> (Inst_clkdiv/Madd_q[23]_GND_6_o_add_0_OUT_cy<5>)
     MUXCY:CI->O           1   0.019   0.000  Inst_clkdiv/Madd_q[23]_GND_6_o_add_0_OUT_cy<6> (Inst_clkdiv/Madd_q[23]_GND_6_o_add_0_OUT_cy<6>)
     MUXCY:CI->O           1   0.019   0.000  Inst_clkdiv/Madd_q[23]_GND_6_o_add_0_OUT_cy<7> (Inst_clkdiv/Madd_q[23]_GND_6_o_add_0_OUT_cy<7>)
     MUXCY:CI->O           1   0.019   0.000  Inst_clkdiv/Madd_q[23]_GND_6_o_add_0_OUT_cy<8> (Inst_clkdiv/Madd_q[23]_GND_6_o_add_0_OUT_cy<8>)
     MUXCY:CI->O           1   0.019   0.000  Inst_clkdiv/Madd_q[23]_GND_6_o_add_0_OUT_cy<9> (Inst_clkdiv/Madd_q[23]_GND_6_o_add_0_OUT_cy<9>)
     MUXCY:CI->O           1   0.019   0.000  Inst_clkdiv/Madd_q[23]_GND_6_o_add_0_OUT_cy<10> (Inst_clkdiv/Madd_q[23]_GND_6_o_add_0_OUT_cy<10>)
     MUXCY:CI->O           1   0.019   0.000  Inst_clkdiv/Madd_q[23]_GND_6_o_add_0_OUT_cy<11> (Inst_clkdiv/Madd_q[23]_GND_6_o_add_0_OUT_cy<11>)
     MUXCY:CI->O           1   0.019   0.000  Inst_clkdiv/Madd_q[23]_GND_6_o_add_0_OUT_cy<12> (Inst_clkdiv/Madd_q[23]_GND_6_o_add_0_OUT_cy<12>)
     MUXCY:CI->O           1   0.019   0.000  Inst_clkdiv/Madd_q[23]_GND_6_o_add_0_OUT_cy<13> (Inst_clkdiv/Madd_q[23]_GND_6_o_add_0_OUT_cy<13>)
     MUXCY:CI->O           1   0.019   0.000  Inst_clkdiv/Madd_q[23]_GND_6_o_add_0_OUT_cy<14> (Inst_clkdiv/Madd_q[23]_GND_6_o_add_0_OUT_cy<14>)
     MUXCY:CI->O           1   0.019   0.000  Inst_clkdiv/Madd_q[23]_GND_6_o_add_0_OUT_cy<15> (Inst_clkdiv/Madd_q[23]_GND_6_o_add_0_OUT_cy<15>)
     MUXCY:CI->O           1   0.019   0.000  Inst_clkdiv/Madd_q[23]_GND_6_o_add_0_OUT_cy<16> (Inst_clkdiv/Madd_q[23]_GND_6_o_add_0_OUT_cy<16>)
     MUXCY:CI->O           0   0.019   0.000  Inst_clkdiv/Madd_q[23]_GND_6_o_add_0_OUT_cy<17> (Inst_clkdiv/Madd_q[23]_GND_6_o_add_0_OUT_cy<17>)
     XORCY:CI->O           1   0.180   0.580  Inst_clkdiv/Madd_q[23]_GND_6_o_add_0_OUT_xor<18> (Inst_clkdiv/q[23]_GND_6_o_add_0_OUT<18>)
     LUT2:I1->O            1   0.205   0.000  Inst_clkdiv/q[23]_clkin_AND_1_o1 (Inst_clkdiv/q[23]_clkin_AND_1_o)
     FDE:D                     0.102          Inst_clkdiv/E190
    ----------------------------------------
    Total                      2.831ns (1.635ns logic, 1.196ns route)
                                       (57.8% logic, 42.2% route)

=========================================================================
Timing constraint: Default OFFSET IN BEFORE for Clock 'clk'
  Total number of paths / destination ports: 27 / 27
-------------------------------------------------------------------------
Offset:              3.482ns (Levels of Logic = 2)
  Source:            btn<4> (PAD)
  Destination:       Inst_clkdiv/E190 (FF)
  Destination Clock: clk rising

  Data Path: btn<4> to Inst_clkdiv/E190
                                Gate     Net
    Cell:in->out      fanout   Delay   Delay  Logical Name (Net Name)
    ----------------------------------------  ------------
     IBUF:I->O            23   1.222   1.153  btn_4_IBUF (btn_4_IBUF)
     INV:I->O              1   0.206   0.579  Inst_clkdiv/reset_inv1_INV_0 (Inst_clkdiv/reset_inv)
     FDE:CE                    0.322          Inst_clkdiv/E190
    ----------------------------------------
    Total                      3.482ns (1.750ns logic, 1.732ns route)
                                       (50.3% logic, 49.7% route)

=========================================================================
Timing constraint: Default OFFSET OUT AFTER for Clock 'clk'
  Total number of paths / destination ports: 24 / 6
-------------------------------------------------------------------------
Offset:              5.923ns (Levels of Logic = 3)
  Source:            btn_pulse_2/q5 (FF)
  Destination:       led<2> (PAD)
  Source Clock:      clk rising

  Data Path: btn_pulse_2/q5 to led<2>
                                Gate     Net
    Cell:in->out      fanout   Delay   Delay  Logical Name (Net Name)
    ----------------------------------------  ------------
     FD:C->Q               1   0.447   0.808  btn_pulse_2/q5 (btn_pulse_2/q5)
     LUT3:I0->O            6   0.205   0.973  btn_pulse_2/outp1 (btn_out<1>)
     LUT6:I3->O            5   0.205   0.714  Mram__n007421 (Mram__n00742)
     OBUF:I->O                 2.571          led_2_OBUF (led<2>)
    ----------------------------------------
    Total                      5.923ns (3.428ns logic, 2.495ns route)
                                       (57.9% logic, 42.1% route)

=========================================================================
Timing constraint: Default OFFSET OUT AFTER for Clock 'Mram__n00742'
  Total number of paths / destination ports: 2 / 2
-------------------------------------------------------------------------
Offset:              3.648ns (Levels of Logic = 1)
  Source:            val_btn_1_1 (LATCH)
  Destination:       led<1> (PAD)
  Source Clock:      Mram__n00742 falling

  Data Path: val_btn_1_1 to led<1>
                                Gate     Net
    Cell:in->out      fanout   Delay   Delay  Logical Name (Net Name)
    ----------------------------------------  ------------
     LD:G->Q               1   0.498   0.579  val_btn_1_1 (val_btn_1_1)
     OBUF:I->O                 2.571          led_1_OBUF (led<1>)
    ----------------------------------------
    Total                      3.648ns (3.069ns logic, 0.579ns route)
                                       (84.1% logic, 15.9% route)

=========================================================================

Cross Clock Domains Report:
--------------------------

Clock to Setup on destination clock Mram__n00742
---------------+---------+---------+---------+---------+
               | Src:Rise| Src:Fall| Src:Rise| Src:Fall|
Source Clock   |Dest:Rise|Dest:Rise|Dest:Fall|Dest:Fall|
---------------+---------+---------+---------+---------+
clk            |         |         |    2.675|         |
---------------+---------+---------+---------+---------+

Clock to Setup on destination clock clk
---------------+---------+---------+---------+---------+
               | Src:Rise| Src:Fall| Src:Rise| Src:Fall|
Source Clock   |Dest:Rise|Dest:Rise|Dest:Fall|Dest:Fall|
---------------+---------+---------+---------+---------+
Mram__n00742   |         |    2.925|         |         |
clk            |    2.831|         |         |         |
---------------+---------+---------+---------+---------+

=========================================================================


Total REAL time to Xst completion: 3.00 secs
Total CPU time to Xst completion: 2.42 secs
 
--> 


Total memory usage is 363340 kilobytes

Number of errors   :    0 (   0 filtered)
Number of warnings :   12 (   0 filtered)
Number of infos    :    3 (   0 filtered)

