Release 12.4 - xst M.81d (lin64)
Copyright (c) 1995-2010 Xilinx, Inc.  All rights reserved.
--> 
Parameter TMPDIR set to xst/projnav.tmp


Total REAL time to Xst completion: 0.00 secs
Total CPU time to Xst completion: 0.02 secs
 
--> 
Parameter xsthdpdir set to xst


Total REAL time to Xst completion: 0.00 secs
Total CPU time to Xst completion: 0.02 secs
 
--> 
Reading design: compt.prj

TABLE OF CONTENTS
  1) Synthesis Options Summary
  2) HDL Parsing
  3) HDL Elaboration
  4) HDL Synthesis
       4.1) HDL Synthesis Report
  5) Advanced HDL Synthesis
       5.1) Advanced HDL Synthesis Report
  6) Low Level Synthesis
  7) Partition Report
  8) Design Summary
       8.1) Primitive and Black Box Usage
       8.2) Device utilization summary
       8.3) Partition Resource Summary
       8.4) Timing Report
            8.4.1) Clock Information
            8.4.2) Asynchronous Control Signals Information
            8.4.3) Timing Summary
            8.4.4) Timing Details
            8.4.5) Cross Clock Domains Report


=========================================================================
*                      Synthesis Options Summary                        *
=========================================================================
---- Source Parameters
Input File Name                    : "compt.prj"
Input Format                       : mixed
Ignore Synthesis Constraint File   : NO

---- Target Parameters
Output File Name                   : "compt"
Output Format                      : NGC
Target Device                      : xc6slx16-3-csg324

---- Source Options
Top Module Name                    : compt
Automatic FSM Extraction           : YES
FSM Encoding Algorithm             : Auto
Safe Implementation                : No
FSM Style                          : LUT
RAM Extraction                     : Yes
RAM Style                          : Auto
ROM Extraction                     : Yes
Shift Register Extraction          : YES
ROM Style                          : Auto
Resource Sharing                   : YES
Asynchronous To Synchronous        : NO
Shift Register Minimum Size        : 2
Use DSP Block                      : Auto
Automatic Register Balancing       : No

---- Target Options
LUT Combining                      : Auto
Reduce Control Sets                : Auto
Add IO Buffers                     : YES
Global Maximum Fanout              : 100000
Add Generic Clock Buffer(BUFG)     : 16
Register Duplication               : YES
Optimize Instantiated Primitives   : NO
Use Clock Enable                   : Auto
Use Synchronous Set                : Auto
Use Synchronous Reset              : Auto
Pack IO Registers into IOBs        : Auto
Equivalent register Removal        : YES

---- General Options
Optimization Goal                  : Speed
Optimization Effort                : 1
Power Reduction                    : NO
Keep Hierarchy                     : No
Netlist Hierarchy                  : As_Optimized
RTL Output                         : Yes
Global Optimization                : AllClockNets
Read Cores                         : YES
Write Timing Constraints           : NO
Cross Clock Analysis               : NO
Hierarchy Separator                : /
Bus Delimiter                      : <>
Case Specifier                     : Maintain
Slice Utilization Ratio            : 100
BRAM Utilization Ratio             : 100
DSP48 Utilization Ratio            : 100
Auto BRAM Packing                  : NO
Slice Utilization Ratio Delta      : 5

=========================================================================


=========================================================================
*                          HDL Parsing                                  *
=========================================================================
Parsing VHDL file "/home/l3/alder/Documents/AEO/TPcontrol/x7seg.vhd" into library work
Parsing entity <x7seg>.
Parsing architecture <Behavioral> of entity <x7seg>.
Parsing VHDL file "/home/l3/alder/Documents/AEO/TPcontrol/compt_inter.vhd" into library work
Parsing entity <compt_inter>.
Parsing architecture <Behavioral> of entity <compt_inter>.
Parsing VHDL file "/home/l3/alder/Documents/AEO/TPcontrol/clk_div.vhd" into library work
Parsing entity <clk_div>.
Parsing architecture <Behavioral> of entity <clk_div>.
Parsing VHDL file "/home/l3/alder/Documents/AEO/TPcontrol/compt.vhd" into library work
Parsing entity <compt>.
Parsing architecture <Behavioral> of entity <compt>.

=========================================================================
*                            HDL Elaboration                            *
=========================================================================

Elaborating entity <compt> (architecture <Behavioral>) from library <work>.

Elaborating entity <clk_div> (architecture <Behavioral>) from library <work>.

Elaborating entity <compt_inter> (architecture <Behavioral>) from library <work>.

Elaborating entity <x7seg> (architecture <Behavioral>) from library <work>.

=========================================================================
*                           HDL Synthesis                               *
=========================================================================

Synthesizing Unit <compt>.
    Related source file is "/home/l3/alder/Documents/AEO/TPcontrol/compt.vhd".
    Summary:
	no macro.
Unit <compt> synthesized.

Synthesizing Unit <clk_div>.
    Related source file is "/home/l3/alder/Documents/AEO/TPcontrol/clk_div.vhd".
    Found 1-bit register for signal <tmp>.
    Found 24-bit register for signal <counter>.
    Found 24-bit adder for signal <counter[23]_GND_5_o_add_0_OUT> created at line 1241.
    Summary:
	inferred   1 Adder/Subtractor(s).
	inferred  25 D-type flip-flop(s).
Unit <clk_div> synthesized.

Synthesizing Unit <compt_inter>.
    Related source file is "/home/l3/alder/Documents/AEO/TPcontrol/compt_inter.vhd".
    WARNING:Xst:2404 -  FFs/Latches <outp<1:4>> (without init value) have a constant value of 1 in block <compt_inter>.
    Summary:
	no macro.
Unit <compt_inter> synthesized.

Synthesizing Unit <x7seg>.
    Related source file is "/home/l3/alder/Documents/AEO/TPcontrol/x7seg.vhd".
    Found 16x7-bit Read Only RAM for signal <seg>
    Summary:
	inferred   1 RAM(s).
Unit <x7seg> synthesized.
RTL-Simplification CPUSTAT: 0.01 
RTL-BasicInf CPUSTAT: 0.07 
RTL-BasicOpt CPUSTAT: 0.00 
RTL-Remain-Bus CPUSTAT: 0.00 

=========================================================================
HDL Synthesis Report

Macro Statistics
# RAMs                                                 : 1
 16x7-bit single-port Read Only RAM                    : 1
# Adders/Subtractors                                   : 1
 24-bit adder                                          : 1
# Registers                                            : 2
 1-bit register                                        : 1
 24-bit register                                       : 1

=========================================================================

=========================================================================
*                       Advanced HDL Synthesis                          *
=========================================================================

WARNING:Xst:1290 - Hierarchical block <Inst_clk_div> is unconnected in block <compt>.
   It will be removed from the design.

Synthesizing (advanced) Unit <clk_div>.
The following registers are absorbed into counter <counter>: 1 register on signal <counter>.
Unit <clk_div> synthesized (advanced).

Synthesizing (advanced) Unit <x7seg>.
INFO:Xst:3031 - HDL ADVISOR - The RAM <Mram_seg> will be implemented on LUTs either because you have described an asynchronous read or because of currently unsupported block RAM features. If you have described an asynchronous read, making it synchronous would allow you to take advantage of available block RAM resources, for optimized device usage and improved timings. Please refer to your documentation for coding guidelines.
    -----------------------------------------------------------------------
    | ram_type           | Distributed                         |          |
    -----------------------------------------------------------------------
    | Port A                                                              |
    |     aspect ratio   | 16-word x 7-bit                     |          |
    |     weA            | connected to signal <GND>           | high     |
    |     addrA          | connected to signal <sw>            |          |
    |     diA            | connected to signal <GND>           |          |
    |     doA            | connected to signal <seg>           |          |
    -----------------------------------------------------------------------
Unit <x7seg> synthesized (advanced).

=========================================================================
Advanced HDL Synthesis Report

Macro Statistics
# RAMs                                                 : 1
 16x7-bit single-port distributed Read Only RAM        : 1
# Adders/Subtractors                                   : 1
 24-bit adder                                          : 1
# Counters                                             : 1
 24-bit up counter                                     : 1
# Registers                                            : 1
 Flip-Flops                                            : 1

=========================================================================

=========================================================================
*                         Low Level Synthesis                           *
=========================================================================
WARNING:Xst:2677 - Node <Inst_clk_div/tmp> of sequential type is unconnected in block <compt>.

Optimizing unit <compt> ...

Mapping all equations...
Building and optimizing final netlist ...
Found area constraint ratio of 100 (+ 5) on block compt, actual ratio is 0.

Final Macro Processing ...

=========================================================================
Final Register Report

Found no macro
=========================================================================

=========================================================================
*                           Partition Report                            *
=========================================================================

Partition Implementation Status
-------------------------------

  No Partitions were found in this design.

-------------------------------

=========================================================================
*                            Design Summary                             *
=========================================================================

Top Level Output File Name         : compt.ngc

Primitive and Black Box Usage:
------------------------------
# BELS                             : 2
#      GND                         : 1
#      VCC                         : 1
# IO Buffers                       : 11
#      OBUF                        : 11

Device utilization summary:
---------------------------

Selected Device : 6slx16csg324-3 


Slice Logic Utilization: 

Slice Logic Distribution: 
 Number of LUT Flip Flop pairs used:      0
   Number with an unused Flip Flop:       0  out of      0         
   Number with an unused LUT:             0  out of      0         
   Number of fully used LUT-FF pairs:     0  out of      0         
   Number of unique control sets:         0

IO Utilization: 
 Number of IOs:                          12
 Number of bonded IOBs:                  11  out of    232     4%  

Specific Feature Utilization:

---------------------------
Partition Resource Summary:
---------------------------

  No Partitions were found in this design.

---------------------------


=========================================================================
Timing Report

NOTE: THESE TIMING NUMBERS ARE ONLY A SYNTHESIS ESTIMATE.
      FOR ACCURATE TIMING INFORMATION PLEASE REFER TO THE TRACE REPORT
      GENERATED AFTER PLACE-and-ROUTE.

Clock Information:
------------------
No clock signals found in this design

Asynchronous Control Signals Information:
----------------------------------------
No asynchronous control signals found in this design

Timing Summary:
---------------
Speed Grade: -3

   Minimum period: No path found
   Minimum input arrival time before clock: No path found
   Maximum output required time after clock: No path found
   Maximum combinational path delay: No path found

Timing Details:
---------------
All values displayed in nanoseconds (ns)

=========================================================================

Cross Clock Domains Report:
--------------------------

=========================================================================


Total REAL time to Xst completion: 2.00 secs
Total CPU time to Xst completion: 2.04 secs
 
--> 


Total memory usage is 363168 kilobytes

Number of errors   :    0 (   0 filtered)
Number of warnings :    3 (   0 filtered)
Number of infos    :    1 (   0 filtered)

